<?xml version="1.0" encoding="UTF-8"?>
<!-- Generated by org.testng.reporters.JUnitReportReporter -->
<testsuite hostname="lenovo-PC" name="AppiumPractice.firstClassApp" tests="4" failures="0" timestamp="28 Mar 2021 07:46:59 GMT" time="114.986" errors="0">
  <testcase name="addToCart" time="23.640" classname="AppiumPractice.firstClassApp"/>
  <testcase name="loginToApp" time="20.052" classname="AppiumPractice.firstClassApp"/>
  <testcase name="matchingItem" time="0.619" classname="AppiumPractice.firstClassApp"/>
  <testcase name="sumOfProduct" time="70.675" classname="AppiumPractice.firstClassApp"/>
</testsuite> <!-- AppiumPractice.firstClassApp -->
