<?xml version="1.0" encoding="UTF-8"?>
<!-- Generated by org.testng.reporters.JUnitReportReporter -->
<testsuite hostname="lenovo-PC" name="ApiPractice.apiAssignment" tests="1" failures="0" timestamp="4 Aug 2020 08:17:21 GMT" time="5.448" errors="0">
  <testcase name="apiAssign" time="5.448" classname="ApiPractice.apiAssignment"/>
</testsuite> <!-- ApiPractice.apiAssignment -->
