<?xml version="1.0" encoding="UTF-8"?>
<!-- Generated by org.testng.reporters.JUnitReportReporter -->
<testsuite hostname="lenovo-PC" name="ApiTest.NewTest" tests="1" failures="0" timestamp="10 Nov 2019 10:00:59 GMT" time="3.501" errors="0">
  <testcase name="postTest" time="3.501" classname="ApiTest.NewTest"/>
</testsuite> <!-- ApiTest.NewTest -->
