<?xml version="1.0" encoding="UTF-8"?>
<!-- Generated by org.testng.reporters.JUnitReportReporter -->
<testsuite hostname="lenovo-PC" name="ApiPractice.api1" tests="1" failures="0" timestamp="20 Aug 2020 06:45:28 GMT" time="6.606" errors="0">
  <testcase name="Api" time="6.606" classname="ApiPractice.api1"/>
</testsuite> <!-- ApiPractice.api1 -->
